<?xml version="1.0" encoding="UTF-8"?>
<!-- Generated by org.testng.reporters.JUnitXMLReporter -->
<testsuite hostname="EPRURYAW0075" name="Default test" tests="7" failures="0" timestamp="28 Sep 2016 11:12:19 GMT" time="35.497" errors="0">
  <testcase name="loginTest" time="6.342" classname="com.epam.vyacheslav_utenkov.java.lesson7.advanced.YandexMailTest"/>
  <testcase name="sendMessagesTest" time="4.36" classname="com.epam.vyacheslav_utenkov.java.lesson7.advanced.YandexMailTest"/>
  <testcase name="sendMessagesTest" time="4.44" classname="com.epam.vyacheslav_utenkov.java.lesson7.advanced.YandexMailTest"/>
  <testcase name="sendMessagesTest" time="4.359" classname="com.epam.vyacheslav_utenkov.java.lesson7.advanced.YandexMailTest"/>
  <testcase name="deleteMessage" time="3.61" classname="com.epam.vyacheslav_utenkov.java.lesson7.advanced.YandexMailTest"/>
  <testcase name="deleteMessage" time="3.522" classname="com.epam.vyacheslav_utenkov.java.lesson7.advanced.YandexMailTest"/>
  <testcase name="deleteMessage" time="3.642" classname="com.epam.vyacheslav_utenkov.java.lesson7.advanced.YandexMailTest"/>
</testsuite> <!-- Default test -->
