<?xml version="1.0" encoding="UTF-8"?>
<!-- Generated by org.testng.reporters.JUnitXMLReporter -->
<testsuite hostname="EPRURYAW0075" name="Default test" tests="7" failures="0" timestamp="29 Sep 2016 08:37:06 GMT" time="38.087" errors="0">
  <testcase name="loginTest" time="5.463" classname="com.epam.vyacheslav_utenkov.java.lesson7.advanced.YandexMailTest"/>
  <testcase name="sendMessagesTest" time="6.229" classname="com.epam.vyacheslav_utenkov.java.lesson7.advanced.YandexMailTest"/>
  <testcase name="sendMessagesTest" time="3.538" classname="com.epam.vyacheslav_utenkov.java.lesson7.advanced.YandexMailTest"/>
  <testcase name="sendMessagesTest" time="4.547" classname="com.epam.vyacheslav_utenkov.java.lesson7.advanced.YandexMailTest"/>
  <testcase name="deleteMessage" time="4.134" classname="com.epam.vyacheslav_utenkov.java.lesson7.advanced.YandexMailTest"/>
  <testcase name="deleteMessage" time="3.453" classname="com.epam.vyacheslav_utenkov.java.lesson7.advanced.YandexMailTest"/>
  <testcase name="deleteMessage" time="3.654" classname="com.epam.vyacheslav_utenkov.java.lesson7.advanced.YandexMailTest"/>
</testsuite> <!-- Default test -->
