<?xml version="1.0" encoding="UTF-8"?>
<testng-results skipped="0" failed="0" total="7" passed="7">
  <reporter-output>
    <line>
      <![CDATA[INFO  com.epam.vyacheslav_utenkov.java.lesson7.utils.EventListener(1)=37: EventListener - onStart<br>]]>
    </line>
    <line>
      <![CDATA[INFO  com.epam.vyacheslav_utenkov.java.lesson7.advanced.YandexMailTest(1)=48: Testing started<br>]]>
    </line>
    <line>
      <![CDATA[INFO  com.epam.vyacheslav_utenkov.java.lesson7.advanced.YandexMailTest(1)=50: Browser was started<br>]]>
    </line>
    <line>
      <![CDATA[INFO  com.epam.vyacheslav_utenkov.java.lesson7.advanced.YandexMailTest(1)=60: Take data from file 'data.properties'<br>]]>
    </line>
    <line>
      <![CDATA[INFO  com.epam.vyacheslav_utenkov.java.lesson7.utils.EventListener(1)=57: EventListener - onTestStart<br>]]>
    </line>
    <line>
      <![CDATA[INFO  com.epam.vyacheslav_utenkov.java.lesson7.utils.ScreenShot(1)=25: <a href='screenshots/screenshot8822973572734182862.png'>Avto screen shot</a><br>]]>
    </line>
    <line>
      <![CDATA[INFO  com.epam.vyacheslav_utenkov.java.lesson7.advanced.YandexMailTest(1)=79: Start login<br>]]>
    </line>
    <line>
      <![CDATA[INFO  com.epam.vyacheslav_utenkov.java.lesson7.advanced.YandexMailTest(1)=86: Set default URL<br>]]>
    </line>
    <line>
      <![CDATA[INFO  com.epam.vyacheslav_utenkov.java.lesson7.advanced.YandexMailTest(1)=92: account was initialized<br>]]>
    </line>
    <line>
      <![CDATA[INFO  com.epam.vyacheslav_utenkov.java.lesson7.advanced.YandexMailTest(1)=95: return login page<br>]]>
    </line>
    <line>
      <![CDATA[INFO  com.epam.vyacheslav_utenkov.java.lesson7.utils.EventListener(1)=62: EventListener - onTestSuccess<br>]]>
    </line>
    <line>
      <![CDATA[INFO  com.epam.vyacheslav_utenkov.java.lesson7.utils.ScreenShot(1)=25: <a href='screenshots/screenshot881475052936521844.png'>Success screen shot</a><br>]]>
    </line>
    <line>
      <![CDATA[INFO  com.epam.vyacheslav_utenkov.java.lesson7.advanced.YandexMailTest(1)=54: Take data from file 'data.properties'<br>]]>
    </line>
    <line>
      <![CDATA[INFO  com.epam.vyacheslav_utenkov.java.lesson7.advanced.YandexMailTest(1)=54: Take data from file 'data.properties'<br>]]>
    </line>
    <line>
      <![CDATA[INFO  com.epam.vyacheslav_utenkov.java.lesson7.advanced.YandexMailTest(1)=54: Take data from file 'data.properties'<br>]]>
    </line>
    <line>
      <![CDATA[INFO  com.epam.vyacheslav_utenkov.java.lesson7.utils.EventListener(1)=57: EventListener - onTestStart<br>]]>
    </line>
    <line>
      <![CDATA[INFO  com.epam.vyacheslav_utenkov.java.lesson7.utils.ScreenShot(1)=25: <a href='screenshots/screenshot7998208045290240091.png'>Avto screen shot</a><br>]]>
    </line>
    <line>
      <![CDATA[INFO  com.epam.vyacheslav_utenkov.java.lesson7.advanced.YandexMailTest(1)=102: sendMessagesTest started<br>]]>
    </line>
    <line>
      <![CDATA[INFO  com.epam.vyacheslav_utenkov.java.lesson7.advanced.YandexMailTest(1)=105: main page is chanched to message page<br>]]>
    </line>
    <line>
      <![CDATA[INFO  com.epam.vyacheslav_utenkov.java.lesson7.advanced.YandexMailTest(1)=111: set addressee<br>]]>
    </line>
    <line>
      <![CDATA[INFO  com.epam.vyacheslav_utenkov.java.lesson7.advanced.YandexMailTest(1)=113: set subject<br>]]>
    </line>
    <line>
      <![CDATA[INFO  com.epam.vyacheslav_utenkov.java.lesson7.advanced.YandexMailTest(1)=115: set message<br>]]>
    </line>
    <line>
      <![CDATA[INFO  com.epam.vyacheslav_utenkov.java.lesson7.utils.ScreenShot(1)=25: <a href='screenshots/screenshot56791269513873950.png'>See screenshot</a><br>]]>
    </line>
    <line>
      <![CDATA[INFO  com.epam.vyacheslav_utenkov.java.lesson7.advanced.YandexMailTest(1)=119: message page  is chanched to sentbox page<br>]]>
    </line>
    <line>
      <![CDATA[INFO  com.epam.vyacheslav_utenkov.java.lesson7.utils.EventListener(1)=62: EventListener - onTestSuccess<br>]]>
    </line>
    <line>
      <![CDATA[INFO  com.epam.vyacheslav_utenkov.java.lesson7.utils.ScreenShot(1)=25: <a href='screenshots/screenshot1854373399186989110.png'>Success screen shot</a><br>]]>
    </line>
    <line>
      <![CDATA[INFO  com.epam.vyacheslav_utenkov.java.lesson7.utils.EventListener(1)=57: EventListener - onTestStart<br>]]>
    </line>
    <line>
      <![CDATA[INFO  com.epam.vyacheslav_utenkov.java.lesson7.utils.ScreenShot(1)=25: <a href='screenshots/screenshot4894485176321106728.png'>Avto screen shot</a><br>]]>
    </line>
    <line>
      <![CDATA[INFO  com.epam.vyacheslav_utenkov.java.lesson7.advanced.YandexMailTest(1)=102: sendMessagesTest started<br>]]>
    </line>
    <line>
      <![CDATA[INFO  com.epam.vyacheslav_utenkov.java.lesson7.advanced.YandexMailTest(1)=105: main page is chanched to message page<br>]]>
    </line>
    <line>
      <![CDATA[INFO  com.epam.vyacheslav_utenkov.java.lesson7.advanced.YandexMailTest(1)=111: set addressee<br>]]>
    </line>
    <line>
      <![CDATA[INFO  com.epam.vyacheslav_utenkov.java.lesson7.advanced.YandexMailTest(1)=113: set subject<br>]]>
    </line>
    <line>
      <![CDATA[INFO  com.epam.vyacheslav_utenkov.java.lesson7.advanced.YandexMailTest(1)=115: set message<br>]]>
    </line>
    <line>
      <![CDATA[INFO  com.epam.vyacheslav_utenkov.java.lesson7.utils.ScreenShot(1)=25: <a href='screenshots/screenshot5165704555694368596.png'>See screenshot</a><br>]]>
    </line>
    <line>
      <![CDATA[INFO  com.epam.vyacheslav_utenkov.java.lesson7.advanced.YandexMailTest(1)=119: message page  is chanched to sentbox page<br>]]>
    </line>
    <line>
      <![CDATA[INFO  com.epam.vyacheslav_utenkov.java.lesson7.utils.EventListener(1)=62: EventListener - onTestSuccess<br>]]>
    </line>
    <line>
      <![CDATA[INFO  com.epam.vyacheslav_utenkov.java.lesson7.utils.ScreenShot(1)=25: <a href='screenshots/screenshot2081148501492765332.png'>Success screen shot</a><br>]]>
    </line>
    <line>
      <![CDATA[INFO  com.epam.vyacheslav_utenkov.java.lesson7.utils.EventListener(1)=57: EventListener - onTestStart<br>]]>
    </line>
    <line>
      <![CDATA[INFO  com.epam.vyacheslav_utenkov.java.lesson7.utils.ScreenShot(1)=25: <a href='screenshots/screenshot6683712089549256398.png'>Avto screen shot</a><br>]]>
    </line>
    <line>
      <![CDATA[INFO  com.epam.vyacheslav_utenkov.java.lesson7.advanced.YandexMailTest(1)=102: sendMessagesTest started<br>]]>
    </line>
    <line>
      <![CDATA[INFO  com.epam.vyacheslav_utenkov.java.lesson7.advanced.YandexMailTest(1)=105: main page is chanched to message page<br>]]>
    </line>
    <line>
      <![CDATA[INFO  com.epam.vyacheslav_utenkov.java.lesson7.advanced.YandexMailTest(1)=111: set addressee<br>]]>
    </line>
    <line>
      <![CDATA[INFO  com.epam.vyacheslav_utenkov.java.lesson7.advanced.YandexMailTest(1)=113: set subject<br>]]>
    </line>
    <line>
      <![CDATA[INFO  com.epam.vyacheslav_utenkov.java.lesson7.advanced.YandexMailTest(1)=115: set message<br>]]>
    </line>
    <line>
      <![CDATA[INFO  com.epam.vyacheslav_utenkov.java.lesson7.utils.ScreenShot(1)=25: <a href='screenshots/screenshot3095699808554794342.png'>See screenshot</a><br>]]>
    </line>
    <line>
      <![CDATA[INFO  com.epam.vyacheslav_utenkov.java.lesson7.advanced.YandexMailTest(1)=119: message page  is chanched to sentbox page<br>]]>
    </line>
    <line>
      <![CDATA[INFO  com.epam.vyacheslav_utenkov.java.lesson7.utils.EventListener(1)=62: EventListener - onTestSuccess<br>]]>
    </line>
    <line>
      <![CDATA[INFO  com.epam.vyacheslav_utenkov.java.lesson7.utils.ScreenShot(1)=25: <a href='screenshots/screenshot6020192353172963599.png'>Success screen shot</a><br>]]>
    </line>
    <line>
      <![CDATA[INFO  com.epam.vyacheslav_utenkov.java.lesson7.advanced.YandexMailTest(1)=54: Take data from file 'data.properties'<br>]]>
    </line>
    <line>
      <![CDATA[INFO  com.epam.vyacheslav_utenkov.java.lesson7.advanced.YandexMailTest(1)=54: Take data from file 'data.properties'<br>]]>
    </line>
    <line>
      <![CDATA[INFO  com.epam.vyacheslav_utenkov.java.lesson7.advanced.YandexMailTest(1)=54: Take data from file 'data.properties'<br>]]>
    </line>
    <line>
      <![CDATA[INFO  com.epam.vyacheslav_utenkov.java.lesson7.utils.EventListener(1)=57: EventListener - onTestStart<br>]]>
    </line>
    <line>
      <![CDATA[INFO  com.epam.vyacheslav_utenkov.java.lesson7.utils.ScreenShot(1)=25: <a href='screenshots/screenshot16905315206707854.png'>Avto screen shot</a><br>]]>
    </line>
    <line>
      <![CDATA[INFO  com.epam.vyacheslav_utenkov.java.lesson7.advanced.YandexMailTest(1)=125: Start check label<br>]]>
    </line>
    <line>
      <![CDATA[INFO  com.epam.vyacheslav_utenkov.java.lesson7.utils.EventListener(1)=62: EventListener - onTestSuccess<br>]]>
    </line>
    <line>
      <![CDATA[INFO  com.epam.vyacheslav_utenkov.java.lesson7.utils.ScreenShot(1)=25: <a href='screenshots/screenshot372683309302156253.png'>Success screen shot</a><br>]]>
    </line>
    <line>
      <![CDATA[INFO  com.epam.vyacheslav_utenkov.java.lesson7.utils.EventListener(1)=57: EventListener - onTestStart<br>]]>
    </line>
    <line>
      <![CDATA[INFO  com.epam.vyacheslav_utenkov.java.lesson7.utils.ScreenShot(1)=25: <a href='screenshots/screenshot2566968263431973586.png'>Avto screen shot</a><br>]]>
    </line>
    <line>
      <![CDATA[INFO  com.epam.vyacheslav_utenkov.java.lesson7.advanced.YandexMailTest(1)=125: Start check label<br>]]>
    </line>
    <line>
      <![CDATA[INFO  com.epam.vyacheslav_utenkov.java.lesson7.utils.EventListener(1)=62: EventListener - onTestSuccess<br>]]>
    </line>
    <line>
      <![CDATA[INFO  com.epam.vyacheslav_utenkov.java.lesson7.utils.ScreenShot(1)=25: <a href='screenshots/screenshot7931003764415270319.png'>Success screen shot</a><br>]]>
    </line>
    <line>
      <![CDATA[INFO  com.epam.vyacheslav_utenkov.java.lesson7.utils.EventListener(1)=57: EventListener - onTestStart<br>]]>
    </line>
    <line>
      <![CDATA[INFO  com.epam.vyacheslav_utenkov.java.lesson7.utils.ScreenShot(1)=25: <a href='screenshots/screenshot988580758819821055.png'>Avto screen shot</a><br>]]>
    </line>
    <line>
      <![CDATA[INFO  com.epam.vyacheslav_utenkov.java.lesson7.advanced.YandexMailTest(1)=125: Start check label<br>]]>
    </line>
    <line>
      <![CDATA[INFO  com.epam.vyacheslav_utenkov.java.lesson7.utils.EventListener(1)=62: EventListener - onTestSuccess<br>]]>
    </line>
    <line>
      <![CDATA[INFO  com.epam.vyacheslav_utenkov.java.lesson7.utils.ScreenShot(1)=25: <a href='screenshots/screenshot5050487785141708688.png'>Success screen shot</a><br>]]>
    </line>
    <line>
      <![CDATA[INFO  com.epam.vyacheslav_utenkov.java.lesson7.utils.ScreenShot(1)=25: <a href='screenshots/screenshot3627156450817303336.png'>See screenshot</a><br>]]>
    </line>
    <line>
      <![CDATA[INFO  com.epam.vyacheslav_utenkov.java.lesson7.advanced.YandexMailTest(1)=137: Browser was closed<br>]]>
    </line>
    <line>
      <![CDATA[INFO  com.epam.vyacheslav_utenkov.java.lesson7.advanced.YandexMailTest(1)=138: Test was end <br>]]>
    </line>
  </reporter-output>
  <suite name="Default suite" duration-ms="35497" started-at="2016-09-28T11:11:43Z" finished-at="2016-09-28T11:12:19Z">
    <groups>
    </groups>
    <test name="Default test" duration-ms="35497" started-at="2016-09-28T11:11:43Z" finished-at="2016-09-28T11:12:19Z">
      <class name="com.epam.vyacheslav_utenkov.java.lesson7.advanced.YandexMailTest">
        <test-method status="PASS" signature="startBrowser()[pri:0, instance:com.epam.vyacheslav_utenkov.java.lesson7.advanced.YandexMailTest@352ff4da]" name="startBrowser" is-config="true" duration-ms="19" started-at="2016-09-28T14:11:43Z" finished-at="2016-09-28T14:11:43Z">
          <reporter-output>
            <line>
              <![CDATA[INFO  com.epam.vyacheslav_utenkov.java.lesson7.advanced.YandexMailTest(1)=48: Testing started<br>]]>
            </line>
            <line>
              <![CDATA[INFO  com.epam.vyacheslav_utenkov.java.lesson7.advanced.YandexMailTest(1)=50: Browser was started<br>]]>
            </line>
          </reporter-output>
        </test-method> <!-- startBrowser -->
        <test-method status="PASS" signature="loginTest(java.lang.String)[pri:0, instance:com.epam.vyacheslav_utenkov.java.lesson7.advanced.YandexMailTest@352ff4da]" name="loginTest" duration-ms="6342" started-at="2016-09-28T14:11:43Z" data-provider="getLoginData" finished-at="2016-09-28T14:11:50Z">
          <params>
            <param index="0">
              <value>
                <![CDATA[vyacheslav.utenkov1990@yandex.ru:123456789spll]]>
              </value>
            </param>
          </params>
          <reporter-output>
            <line>
              <![CDATA[INFO  com.epam.vyacheslav_utenkov.java.lesson7.advanced.YandexMailTest(1)=79: Start login<br>]]>
            </line>
            <line>
              <![CDATA[INFO  com.epam.vyacheslav_utenkov.java.lesson7.advanced.YandexMailTest(1)=86: Set default URL<br>]]>
            </line>
            <line>
              <![CDATA[INFO  com.epam.vyacheslav_utenkov.java.lesson7.advanced.YandexMailTest(1)=92: account was initialized<br>]]>
            </line>
            <line>
              <![CDATA[INFO  com.epam.vyacheslav_utenkov.java.lesson7.advanced.YandexMailTest(1)=95: return login page<br>]]>
            </line>
            <line>
              <![CDATA[INFO  com.epam.vyacheslav_utenkov.java.lesson7.utils.EventListener(1)=62: EventListener - onTestSuccess<br>]]>
            </line>
            <line>
              <![CDATA[INFO  com.epam.vyacheslav_utenkov.java.lesson7.utils.ScreenShot(1)=25: <a href='screenshots/screenshot881475052936521844.png'>Success screen shot</a><br>]]>
            </line>
          </reporter-output>
        </test-method> <!-- loginTest -->
        <test-method status="PASS" signature="sendMessagesTest(java.lang.String)[pri:0, instance:com.epam.vyacheslav_utenkov.java.lesson7.advanced.YandexMailTest@352ff4da]" name="sendMessagesTest" duration-ms="4360" started-at="2016-09-28T14:11:50Z" data-provider="getMessageData" depends-on-methods="com.epam.vyacheslav_utenkov.java.lesson7.advanced.YandexMailTest.loginTest" finished-at="2016-09-28T14:11:55Z">
          <params>
            <param index="0">
              <value>
                <![CDATA[horns.and.hoovers@mail.ru:Just Test Message:Hello world!]]>
              </value>
            </param>
          </params>
          <reporter-output>
            <line>
              <![CDATA[INFO  com.epam.vyacheslav_utenkov.java.lesson7.advanced.YandexMailTest(1)=102: sendMessagesTest started<br>]]>
            </line>
            <line>
              <![CDATA[INFO  com.epam.vyacheslav_utenkov.java.lesson7.advanced.YandexMailTest(1)=105: main page is chanched to message page<br>]]>
            </line>
            <line>
              <![CDATA[INFO  com.epam.vyacheslav_utenkov.java.lesson7.advanced.YandexMailTest(1)=111: set addressee<br>]]>
            </line>
            <line>
              <![CDATA[INFO  com.epam.vyacheslav_utenkov.java.lesson7.advanced.YandexMailTest(1)=113: set subject<br>]]>
            </line>
            <line>
              <![CDATA[INFO  com.epam.vyacheslav_utenkov.java.lesson7.advanced.YandexMailTest(1)=115: set message<br>]]>
            </line>
            <line>
              <![CDATA[INFO  com.epam.vyacheslav_utenkov.java.lesson7.utils.ScreenShot(1)=25: <a href='screenshots/screenshot56791269513873950.png'>See screenshot</a><br>]]>
            </line>
            <line>
              <![CDATA[INFO  com.epam.vyacheslav_utenkov.java.lesson7.advanced.YandexMailTest(1)=119: message page  is chanched to sentbox page<br>]]>
            </line>
            <line>
              <![CDATA[INFO  com.epam.vyacheslav_utenkov.java.lesson7.utils.EventListener(1)=62: EventListener - onTestSuccess<br>]]>
            </line>
            <line>
              <![CDATA[INFO  com.epam.vyacheslav_utenkov.java.lesson7.utils.ScreenShot(1)=25: <a href='screenshots/screenshot1854373399186989110.png'>Success screen shot</a><br>]]>
            </line>
          </reporter-output>
        </test-method> <!-- sendMessagesTest -->
        <test-method status="PASS" signature="sendMessagesTest(java.lang.String)[pri:0, instance:com.epam.vyacheslav_utenkov.java.lesson7.advanced.YandexMailTest@352ff4da]" name="sendMessagesTest" duration-ms="4440" started-at="2016-09-28T14:11:55Z" data-provider="getMessageData" depends-on-methods="com.epam.vyacheslav_utenkov.java.lesson7.advanced.YandexMailTest.loginTest" finished-at="2016-09-28T14:12:00Z">
          <params>
            <param index="0">
              <value>
                <![CDATA[horns.and@mail.ru:Just Test for Message2:This message do not have much sense!]]>
              </value>
            </param>
          </params>
          <reporter-output>
            <line>
              <![CDATA[INFO  com.epam.vyacheslav_utenkov.java.lesson7.advanced.YandexMailTest(1)=102: sendMessagesTest started<br>]]>
            </line>
            <line>
              <![CDATA[INFO  com.epam.vyacheslav_utenkov.java.lesson7.advanced.YandexMailTest(1)=105: main page is chanched to message page<br>]]>
            </line>
            <line>
              <![CDATA[INFO  com.epam.vyacheslav_utenkov.java.lesson7.advanced.YandexMailTest(1)=111: set addressee<br>]]>
            </line>
            <line>
              <![CDATA[INFO  com.epam.vyacheslav_utenkov.java.lesson7.advanced.YandexMailTest(1)=113: set subject<br>]]>
            </line>
            <line>
              <![CDATA[INFO  com.epam.vyacheslav_utenkov.java.lesson7.advanced.YandexMailTest(1)=115: set message<br>]]>
            </line>
            <line>
              <![CDATA[INFO  com.epam.vyacheslav_utenkov.java.lesson7.utils.ScreenShot(1)=25: <a href='screenshots/screenshot5165704555694368596.png'>See screenshot</a><br>]]>
            </line>
            <line>
              <![CDATA[INFO  com.epam.vyacheslav_utenkov.java.lesson7.advanced.YandexMailTest(1)=119: message page  is chanched to sentbox page<br>]]>
            </line>
            <line>
              <![CDATA[INFO  com.epam.vyacheslav_utenkov.java.lesson7.utils.EventListener(1)=62: EventListener - onTestSuccess<br>]]>
            </line>
            <line>
              <![CDATA[INFO  com.epam.vyacheslav_utenkov.java.lesson7.utils.ScreenShot(1)=25: <a href='screenshots/screenshot2081148501492765332.png'>Success screen shot</a><br>]]>
            </line>
          </reporter-output>
        </test-method> <!-- sendMessagesTest -->
        <test-method status="PASS" signature="sendMessagesTest(java.lang.String)[pri:0, instance:com.epam.vyacheslav_utenkov.java.lesson7.advanced.YandexMailTest@352ff4da]" name="sendMessagesTest" duration-ms="4359" started-at="2016-09-28T14:12:00Z" data-provider="getMessageData" depends-on-methods="com.epam.vyacheslav_utenkov.java.lesson7.advanced.YandexMailTest.loginTest" finished-at="2016-09-28T14:12:04Z">
          <params>
            <param index="0">
              <value>
                <![CDATA[horns@mail.ru:Just Test Message3:I am tired to think about message text!]]>
              </value>
            </param>
          </params>
          <reporter-output>
            <line>
              <![CDATA[INFO  com.epam.vyacheslav_utenkov.java.lesson7.advanced.YandexMailTest(1)=102: sendMessagesTest started<br>]]>
            </line>
            <line>
              <![CDATA[INFO  com.epam.vyacheslav_utenkov.java.lesson7.advanced.YandexMailTest(1)=105: main page is chanched to message page<br>]]>
            </line>
            <line>
              <![CDATA[INFO  com.epam.vyacheslav_utenkov.java.lesson7.advanced.YandexMailTest(1)=111: set addressee<br>]]>
            </line>
            <line>
              <![CDATA[INFO  com.epam.vyacheslav_utenkov.java.lesson7.advanced.YandexMailTest(1)=113: set subject<br>]]>
            </line>
            <line>
              <![CDATA[INFO  com.epam.vyacheslav_utenkov.java.lesson7.advanced.YandexMailTest(1)=115: set message<br>]]>
            </line>
            <line>
              <![CDATA[INFO  com.epam.vyacheslav_utenkov.java.lesson7.utils.ScreenShot(1)=25: <a href='screenshots/screenshot3095699808554794342.png'>See screenshot</a><br>]]>
            </line>
            <line>
              <![CDATA[INFO  com.epam.vyacheslav_utenkov.java.lesson7.advanced.YandexMailTest(1)=119: message page  is chanched to sentbox page<br>]]>
            </line>
            <line>
              <![CDATA[INFO  com.epam.vyacheslav_utenkov.java.lesson7.utils.EventListener(1)=62: EventListener - onTestSuccess<br>]]>
            </line>
            <line>
              <![CDATA[INFO  com.epam.vyacheslav_utenkov.java.lesson7.utils.ScreenShot(1)=25: <a href='screenshots/screenshot6020192353172963599.png'>Success screen shot</a><br>]]>
            </line>
          </reporter-output>
        </test-method> <!-- sendMessagesTest -->
        <test-method status="PASS" signature="deleteMessage(java.lang.String)[pri:0, instance:com.epam.vyacheslav_utenkov.java.lesson7.advanced.YandexMailTest@352ff4da]" name="deleteMessage" duration-ms="3610" started-at="2016-09-28T14:12:04Z" data-provider="getMessageData" depends-on-methods="com.epam.vyacheslav_utenkov.java.lesson7.advanced.YandexMailTest.sendMessagesTest" finished-at="2016-09-28T14:12:08Z">
          <params>
            <param index="0">
              <value>
                <![CDATA[horns.and.hoovers@mail.ru:Just Test Message:Hello world!]]>
              </value>
            </param>
          </params>
          <reporter-output>
            <line>
              <![CDATA[INFO  com.epam.vyacheslav_utenkov.java.lesson7.advanced.YandexMailTest(1)=125: Start check label<br>]]>
            </line>
            <line>
              <![CDATA[INFO  com.epam.vyacheslav_utenkov.java.lesson7.utils.EventListener(1)=62: EventListener - onTestSuccess<br>]]>
            </line>
            <line>
              <![CDATA[INFO  com.epam.vyacheslav_utenkov.java.lesson7.utils.ScreenShot(1)=25: <a href='screenshots/screenshot372683309302156253.png'>Success screen shot</a><br>]]>
            </line>
          </reporter-output>
        </test-method> <!-- deleteMessage -->
        <test-method status="PASS" signature="deleteMessage(java.lang.String)[pri:0, instance:com.epam.vyacheslav_utenkov.java.lesson7.advanced.YandexMailTest@352ff4da]" name="deleteMessage" duration-ms="3522" started-at="2016-09-28T14:12:08Z" data-provider="getMessageData" depends-on-methods="com.epam.vyacheslav_utenkov.java.lesson7.advanced.YandexMailTest.sendMessagesTest" finished-at="2016-09-28T14:12:12Z">
          <params>
            <param index="0">
              <value>
                <![CDATA[horns.and@mail.ru:Just Test for Message2:This message do not have much sense!]]>
              </value>
            </param>
          </params>
          <reporter-output>
            <line>
              <![CDATA[INFO  com.epam.vyacheslav_utenkov.java.lesson7.advanced.YandexMailTest(1)=125: Start check label<br>]]>
            </line>
            <line>
              <![CDATA[INFO  com.epam.vyacheslav_utenkov.java.lesson7.utils.EventListener(1)=62: EventListener - onTestSuccess<br>]]>
            </line>
            <line>
              <![CDATA[INFO  com.epam.vyacheslav_utenkov.java.lesson7.utils.ScreenShot(1)=25: <a href='screenshots/screenshot7931003764415270319.png'>Success screen shot</a><br>]]>
            </line>
          </reporter-output>
        </test-method> <!-- deleteMessage -->
        <test-method status="PASS" signature="deleteMessage(java.lang.String)[pri:0, instance:com.epam.vyacheslav_utenkov.java.lesson7.advanced.YandexMailTest@352ff4da]" name="deleteMessage" duration-ms="3642" started-at="2016-09-28T14:12:12Z" data-provider="getMessageData" depends-on-methods="com.epam.vyacheslav_utenkov.java.lesson7.advanced.YandexMailTest.sendMessagesTest" finished-at="2016-09-28T14:12:16Z">
          <params>
            <param index="0">
              <value>
                <![CDATA[horns@mail.ru:Just Test Message3:I am tired to think about message text!]]>
              </value>
            </param>
          </params>
          <reporter-output>
            <line>
              <![CDATA[INFO  com.epam.vyacheslav_utenkov.java.lesson7.advanced.YandexMailTest(1)=125: Start check label<br>]]>
            </line>
            <line>
              <![CDATA[INFO  com.epam.vyacheslav_utenkov.java.lesson7.utils.EventListener(1)=62: EventListener - onTestSuccess<br>]]>
            </line>
            <line>
              <![CDATA[INFO  com.epam.vyacheslav_utenkov.java.lesson7.utils.ScreenShot(1)=25: <a href='screenshots/screenshot5050487785141708688.png'>Success screen shot</a><br>]]>
            </line>
          </reporter-output>
        </test-method> <!-- deleteMessage -->
        <test-method status="PASS" signature="closeBrowser()[pri:0, instance:com.epam.vyacheslav_utenkov.java.lesson7.advanced.YandexMailTest@352ff4da]" name="closeBrowser" is-config="true" duration-ms="2967" started-at="2016-09-28T14:12:16Z" finished-at="2016-09-28T14:12:19Z">
          <reporter-output>
            <line>
              <![CDATA[INFO  com.epam.vyacheslav_utenkov.java.lesson7.utils.ScreenShot(1)=25: <a href='screenshots/screenshot3627156450817303336.png'>See screenshot</a><br>]]>
            </line>
            <line>
              <![CDATA[INFO  com.epam.vyacheslav_utenkov.java.lesson7.advanced.YandexMailTest(1)=137: Browser was closed<br>]]>
            </line>
            <line>
              <![CDATA[INFO  com.epam.vyacheslav_utenkov.java.lesson7.advanced.YandexMailTest(1)=138: Test was end <br>]]>
            </line>
          </reporter-output>
        </test-method> <!-- closeBrowser -->
      </class> <!-- com.epam.vyacheslav_utenkov.java.lesson7.advanced.YandexMailTest -->
    </test> <!-- Default test -->
  </suite> <!-- Default suite -->
</testng-results>
