<?xml version="1.0" encoding="UTF-8"?>
<testng-results skipped="0" failed="0" total="7" passed="7">
  <reporter-output>
    <line>
      <![CDATA[INFO  com.epam.vyacheslav_utenkov.java.lesson7.utils.EventListener(1)=37: EventListener - onStart<br>]]>
    </line>
    <line>
      <![CDATA[INFO  com.epam.vyacheslav_utenkov.java.lesson7.advanced.YandexMailTest(1)=48: Testing started<br>]]>
    </line>
    <line>
      <![CDATA[INFO  com.epam.vyacheslav_utenkov.java.lesson7.advanced.YandexMailTest(1)=50: Browser was started<br>]]>
    </line>
    <line>
      <![CDATA[INFO  com.epam.vyacheslav_utenkov.java.lesson7.advanced.YandexMailTest(1)=60: Take data from file 'data.properties'<br>]]>
    </line>
    <line>
      <![CDATA[INFO  com.epam.vyacheslav_utenkov.java.lesson7.utils.EventListener(1)=57: EventListener - onTestStart<br>]]>
    </line>
    <line>
      <![CDATA[INFO  com.epam.vyacheslav_utenkov.java.lesson7.utils.ScreenShot(1)=25: <a href='screenshots/screenshot933707926507948956.png'>Avto screen shot</a><br>]]>
    </line>
    <line>
      <![CDATA[INFO  com.epam.vyacheslav_utenkov.java.lesson7.advanced.YandexMailTest(1)=79: Start login<br>]]>
    </line>
    <line>
      <![CDATA[INFO  com.epam.vyacheslav_utenkov.java.lesson7.advanced.YandexMailTest(1)=83: Set URL from getMailURL<br>]]>
    </line>
    <line>
      <![CDATA[INFO  com.epam.vyacheslav_utenkov.java.lesson7.advanced.YandexMailTest(1)=92: account was initialized<br>]]>
    </line>
    <line>
      <![CDATA[INFO  com.epam.vyacheslav_utenkov.java.lesson7.advanced.YandexMailTest(1)=95: return login page<br>]]>
    </line>
    <line>
      <![CDATA[INFO  com.epam.vyacheslav_utenkov.java.lesson7.utils.EventListener(1)=62: EventListener - onTestSuccess<br>]]>
    </line>
    <line>
      <![CDATA[INFO  com.epam.vyacheslav_utenkov.java.lesson7.utils.ScreenShot(1)=25: <a href='screenshots/screenshot5015816735331683789.png'>Success screen shot</a><br>]]>
    </line>
    <line>
      <![CDATA[INFO  com.epam.vyacheslav_utenkov.java.lesson7.advanced.YandexMailTest(1)=54: Take data from file 'data.properties'<br>]]>
    </line>
    <line>
      <![CDATA[INFO  com.epam.vyacheslav_utenkov.java.lesson7.advanced.YandexMailTest(1)=54: Take data from file 'data.properties'<br>]]>
    </line>
    <line>
      <![CDATA[INFO  com.epam.vyacheslav_utenkov.java.lesson7.advanced.YandexMailTest(1)=54: Take data from file 'data.properties'<br>]]>
    </line>
    <line>
      <![CDATA[INFO  com.epam.vyacheslav_utenkov.java.lesson7.utils.EventListener(1)=57: EventListener - onTestStart<br>]]>
    </line>
    <line>
      <![CDATA[INFO  com.epam.vyacheslav_utenkov.java.lesson7.utils.ScreenShot(1)=25: <a href='screenshots/screenshot651899727218320129.png'>Avto screen shot</a><br>]]>
    </line>
    <line>
      <![CDATA[INFO  com.epam.vyacheslav_utenkov.java.lesson7.advanced.YandexMailTest(1)=102: sendMessagesTest started<br>]]>
    </line>
    <line>
      <![CDATA[INFO  com.epam.vyacheslav_utenkov.java.lesson7.advanced.YandexMailTest(1)=105: main page is chanched to message page<br>]]>
    </line>
    <line>
      <![CDATA[INFO  com.epam.vyacheslav_utenkov.java.lesson7.advanced.YandexMailTest(1)=111: set addressee<br>]]>
    </line>
    <line>
      <![CDATA[INFO  com.epam.vyacheslav_utenkov.java.lesson7.advanced.YandexMailTest(1)=113: set subject<br>]]>
    </line>
    <line>
      <![CDATA[INFO  com.epam.vyacheslav_utenkov.java.lesson7.advanced.YandexMailTest(1)=115: set message<br>]]>
    </line>
    <line>
      <![CDATA[INFO  com.epam.vyacheslav_utenkov.java.lesson7.utils.ScreenShot(1)=25: <a href='screenshots/screenshot4881743843700839105.png'>See screenshot</a><br>]]>
    </line>
    <line>
      <![CDATA[INFO  com.epam.vyacheslav_utenkov.java.lesson7.advanced.YandexMailTest(1)=119: message page  is chanched to sentbox page<br>]]>
    </line>
    <line>
      <![CDATA[INFO  com.epam.vyacheslav_utenkov.java.lesson7.utils.EventListener(1)=62: EventListener - onTestSuccess<br>]]>
    </line>
    <line>
      <![CDATA[INFO  com.epam.vyacheslav_utenkov.java.lesson7.utils.ScreenShot(1)=25: <a href='screenshots/screenshot7839150173235148088.png'>Success screen shot</a><br>]]>
    </line>
    <line>
      <![CDATA[INFO  com.epam.vyacheslav_utenkov.java.lesson7.utils.EventListener(1)=57: EventListener - onTestStart<br>]]>
    </line>
    <line>
      <![CDATA[INFO  com.epam.vyacheslav_utenkov.java.lesson7.utils.ScreenShot(1)=25: <a href='screenshots/screenshot8623053004820008102.png'>Avto screen shot</a><br>]]>
    </line>
    <line>
      <![CDATA[INFO  com.epam.vyacheslav_utenkov.java.lesson7.advanced.YandexMailTest(1)=102: sendMessagesTest started<br>]]>
    </line>
    <line>
      <![CDATA[INFO  com.epam.vyacheslav_utenkov.java.lesson7.advanced.YandexMailTest(1)=105: main page is chanched to message page<br>]]>
    </line>
    <line>
      <![CDATA[INFO  com.epam.vyacheslav_utenkov.java.lesson7.advanced.YandexMailTest(1)=111: set addressee<br>]]>
    </line>
    <line>
      <![CDATA[INFO  com.epam.vyacheslav_utenkov.java.lesson7.advanced.YandexMailTest(1)=113: set subject<br>]]>
    </line>
    <line>
      <![CDATA[INFO  com.epam.vyacheslav_utenkov.java.lesson7.advanced.YandexMailTest(1)=115: set message<br>]]>
    </line>
    <line>
      <![CDATA[INFO  com.epam.vyacheslav_utenkov.java.lesson7.utils.ScreenShot(1)=25: <a href='screenshots/screenshot1585914387745258244.png'>See screenshot</a><br>]]>
    </line>
    <line>
      <![CDATA[INFO  com.epam.vyacheslav_utenkov.java.lesson7.advanced.YandexMailTest(1)=119: message page  is chanched to sentbox page<br>]]>
    </line>
    <line>
      <![CDATA[INFO  com.epam.vyacheslav_utenkov.java.lesson7.utils.EventListener(1)=62: EventListener - onTestSuccess<br>]]>
    </line>
    <line>
      <![CDATA[INFO  com.epam.vyacheslav_utenkov.java.lesson7.utils.ScreenShot(1)=25: <a href='screenshots/screenshot7111295730663373503.png'>Success screen shot</a><br>]]>
    </line>
    <line>
      <![CDATA[INFO  com.epam.vyacheslav_utenkov.java.lesson7.utils.EventListener(1)=57: EventListener - onTestStart<br>]]>
    </line>
    <line>
      <![CDATA[INFO  com.epam.vyacheslav_utenkov.java.lesson7.utils.ScreenShot(1)=25: <a href='screenshots/screenshot7861710999206811438.png'>Avto screen shot</a><br>]]>
    </line>
    <line>
      <![CDATA[INFO  com.epam.vyacheslav_utenkov.java.lesson7.advanced.YandexMailTest(1)=102: sendMessagesTest started<br>]]>
    </line>
    <line>
      <![CDATA[INFO  com.epam.vyacheslav_utenkov.java.lesson7.advanced.YandexMailTest(1)=105: main page is chanched to message page<br>]]>
    </line>
    <line>
      <![CDATA[INFO  com.epam.vyacheslav_utenkov.java.lesson7.advanced.YandexMailTest(1)=111: set addressee<br>]]>
    </line>
    <line>
      <![CDATA[INFO  com.epam.vyacheslav_utenkov.java.lesson7.advanced.YandexMailTest(1)=113: set subject<br>]]>
    </line>
    <line>
      <![CDATA[INFO  com.epam.vyacheslav_utenkov.java.lesson7.advanced.YandexMailTest(1)=115: set message<br>]]>
    </line>
    <line>
      <![CDATA[INFO  com.epam.vyacheslav_utenkov.java.lesson7.utils.ScreenShot(1)=25: <a href='screenshots/screenshot5944303138236668506.png'>See screenshot</a><br>]]>
    </line>
    <line>
      <![CDATA[INFO  com.epam.vyacheslav_utenkov.java.lesson7.advanced.YandexMailTest(1)=119: message page  is chanched to sentbox page<br>]]>
    </line>
    <line>
      <![CDATA[INFO  com.epam.vyacheslav_utenkov.java.lesson7.utils.EventListener(1)=62: EventListener - onTestSuccess<br>]]>
    </line>
    <line>
      <![CDATA[INFO  com.epam.vyacheslav_utenkov.java.lesson7.utils.ScreenShot(1)=25: <a href='screenshots/screenshot869131573059759878.png'>Success screen shot</a><br>]]>
    </line>
    <line>
      <![CDATA[INFO  com.epam.vyacheslav_utenkov.java.lesson7.advanced.YandexMailTest(1)=54: Take data from file 'data.properties'<br>]]>
    </line>
    <line>
      <![CDATA[INFO  com.epam.vyacheslav_utenkov.java.lesson7.advanced.YandexMailTest(1)=54: Take data from file 'data.properties'<br>]]>
    </line>
    <line>
      <![CDATA[INFO  com.epam.vyacheslav_utenkov.java.lesson7.advanced.YandexMailTest(1)=54: Take data from file 'data.properties'<br>]]>
    </line>
    <line>
      <![CDATA[INFO  com.epam.vyacheslav_utenkov.java.lesson7.utils.EventListener(1)=57: EventListener - onTestStart<br>]]>
    </line>
    <line>
      <![CDATA[INFO  com.epam.vyacheslav_utenkov.java.lesson7.utils.ScreenShot(1)=25: <a href='screenshots/screenshot3136039038585090469.png'>Avto screen shot</a><br>]]>
    </line>
    <line>
      <![CDATA[INFO  com.epam.vyacheslav_utenkov.java.lesson7.advanced.YandexMailTest(1)=125: Start check label<br>]]>
    </line>
    <line>
      <![CDATA[INFO  com.epam.vyacheslav_utenkov.java.lesson7.utils.EventListener(1)=62: EventListener - onTestSuccess<br>]]>
    </line>
    <line>
      <![CDATA[INFO  com.epam.vyacheslav_utenkov.java.lesson7.utils.ScreenShot(1)=25: <a href='screenshots/screenshot8933170941783278086.png'>Success screen shot</a><br>]]>
    </line>
    <line>
      <![CDATA[INFO  com.epam.vyacheslav_utenkov.java.lesson7.utils.EventListener(1)=57: EventListener - onTestStart<br>]]>
    </line>
    <line>
      <![CDATA[INFO  com.epam.vyacheslav_utenkov.java.lesson7.utils.ScreenShot(1)=25: <a href='screenshots/screenshot812849341381203555.png'>Avto screen shot</a><br>]]>
    </line>
    <line>
      <![CDATA[INFO  com.epam.vyacheslav_utenkov.java.lesson7.advanced.YandexMailTest(1)=125: Start check label<br>]]>
    </line>
    <line>
      <![CDATA[INFO  com.epam.vyacheslav_utenkov.java.lesson7.utils.EventListener(1)=62: EventListener - onTestSuccess<br>]]>
    </line>
    <line>
      <![CDATA[INFO  com.epam.vyacheslav_utenkov.java.lesson7.utils.ScreenShot(1)=25: <a href='screenshots/screenshot7039602939985796110.png'>Success screen shot</a><br>]]>
    </line>
    <line>
      <![CDATA[INFO  com.epam.vyacheslav_utenkov.java.lesson7.utils.EventListener(1)=57: EventListener - onTestStart<br>]]>
    </line>
    <line>
      <![CDATA[INFO  com.epam.vyacheslav_utenkov.java.lesson7.utils.ScreenShot(1)=25: <a href='screenshots/screenshot4749994102594688686.png'>Avto screen shot</a><br>]]>
    </line>
    <line>
      <![CDATA[INFO  com.epam.vyacheslav_utenkov.java.lesson7.advanced.YandexMailTest(1)=125: Start check label<br>]]>
    </line>
    <line>
      <![CDATA[INFO  com.epam.vyacheslav_utenkov.java.lesson7.utils.EventListener(1)=62: EventListener - onTestSuccess<br>]]>
    </line>
    <line>
      <![CDATA[INFO  com.epam.vyacheslav_utenkov.java.lesson7.utils.ScreenShot(1)=25: <a href='screenshots/screenshot6515952291624742379.png'>Success screen shot</a><br>]]>
    </line>
    <line>
      <![CDATA[INFO  com.epam.vyacheslav_utenkov.java.lesson7.utils.ScreenShot(1)=25: <a href='screenshots/screenshot9040825740541959758.png'>See screenshot</a><br>]]>
    </line>
    <line>
      <![CDATA[INFO  com.epam.vyacheslav_utenkov.java.lesson7.advanced.YandexMailTest(1)=137: Browser was closed<br>]]>
    </line>
    <line>
      <![CDATA[INFO  com.epam.vyacheslav_utenkov.java.lesson7.advanced.YandexMailTest(1)=138: Test was end <br>]]>
    </line>
  </reporter-output>
  <suite name="Default suite" duration-ms="36068" started-at="2016-09-29T06:58:04Z" finished-at="2016-09-29T06:58:40Z">
    <groups>
    </groups>
    <test name="Default test" duration-ms="36068" started-at="2016-09-29T06:58:04Z" finished-at="2016-09-29T06:58:40Z">
      <class name="com.epam.vyacheslav_utenkov.java.lesson7.advanced.YandexMailTest">
        <test-method status="PASS" signature="startBrowser()[pri:0, instance:com.epam.vyacheslav_utenkov.java.lesson7.advanced.YandexMailTest@6714695f]" name="startBrowser" is-config="true" duration-ms="23" started-at="2016-09-29T09:58:04Z" finished-at="2016-09-29T09:58:04Z">
          <reporter-output>
            <line>
              <![CDATA[INFO  com.epam.vyacheslav_utenkov.java.lesson7.advanced.YandexMailTest(1)=48: Testing started<br>]]>
            </line>
            <line>
              <![CDATA[INFO  com.epam.vyacheslav_utenkov.java.lesson7.advanced.YandexMailTest(1)=50: Browser was started<br>]]>
            </line>
          </reporter-output>
        </test-method> <!-- startBrowser -->
        <test-method status="PASS" signature="loginTest(java.lang.String)[pri:0, instance:com.epam.vyacheslav_utenkov.java.lesson7.advanced.YandexMailTest@6714695f]" name="loginTest" duration-ms="4356" started-at="2016-09-29T09:58:04Z" data-provider="getLoginData" finished-at="2016-09-29T09:58:09Z">
          <params>
            <param index="0">
              <value>
                <![CDATA[vyacheslav.utenkov1990@yandex.ru:123456789spll]]>
              </value>
            </param>
          </params>
          <reporter-output>
            <line>
              <![CDATA[INFO  com.epam.vyacheslav_utenkov.java.lesson7.advanced.YandexMailTest(1)=79: Start login<br>]]>
            </line>
            <line>
              <![CDATA[INFO  com.epam.vyacheslav_utenkov.java.lesson7.advanced.YandexMailTest(1)=83: Set URL from getMailURL<br>]]>
            </line>
            <line>
              <![CDATA[INFO  com.epam.vyacheslav_utenkov.java.lesson7.advanced.YandexMailTest(1)=92: account was initialized<br>]]>
            </line>
            <line>
              <![CDATA[INFO  com.epam.vyacheslav_utenkov.java.lesson7.advanced.YandexMailTest(1)=95: return login page<br>]]>
            </line>
            <line>
              <![CDATA[INFO  com.epam.vyacheslav_utenkov.java.lesson7.utils.EventListener(1)=62: EventListener - onTestSuccess<br>]]>
            </line>
            <line>
              <![CDATA[INFO  com.epam.vyacheslav_utenkov.java.lesson7.utils.ScreenShot(1)=25: <a href='screenshots/screenshot5015816735331683789.png'>Success screen shot</a><br>]]>
            </line>
          </reporter-output>
        </test-method> <!-- loginTest -->
        <test-method status="PASS" signature="sendMessagesTest(java.lang.String)[pri:0, instance:com.epam.vyacheslav_utenkov.java.lesson7.advanced.YandexMailTest@6714695f]" name="sendMessagesTest" duration-ms="4170" started-at="2016-09-29T09:58:11Z" data-provider="getMessageData" depends-on-methods="com.epam.vyacheslav_utenkov.java.lesson7.advanced.YandexMailTest.loginTest" finished-at="2016-09-29T09:58:16Z">
          <params>
            <param index="0">
              <value>
                <![CDATA[horns.and.hoovers@mail.ru:Just Test Message:Hello world!]]>
              </value>
            </param>
          </params>
          <reporter-output>
            <line>
              <![CDATA[INFO  com.epam.vyacheslav_utenkov.java.lesson7.advanced.YandexMailTest(1)=102: sendMessagesTest started<br>]]>
            </line>
            <line>
              <![CDATA[INFO  com.epam.vyacheslav_utenkov.java.lesson7.advanced.YandexMailTest(1)=105: main page is chanched to message page<br>]]>
            </line>
            <line>
              <![CDATA[INFO  com.epam.vyacheslav_utenkov.java.lesson7.advanced.YandexMailTest(1)=111: set addressee<br>]]>
            </line>
            <line>
              <![CDATA[INFO  com.epam.vyacheslav_utenkov.java.lesson7.advanced.YandexMailTest(1)=113: set subject<br>]]>
            </line>
            <line>
              <![CDATA[INFO  com.epam.vyacheslav_utenkov.java.lesson7.advanced.YandexMailTest(1)=115: set message<br>]]>
            </line>
            <line>
              <![CDATA[INFO  com.epam.vyacheslav_utenkov.java.lesson7.utils.ScreenShot(1)=25: <a href='screenshots/screenshot4881743843700839105.png'>See screenshot</a><br>]]>
            </line>
            <line>
              <![CDATA[INFO  com.epam.vyacheslav_utenkov.java.lesson7.advanced.YandexMailTest(1)=119: message page  is chanched to sentbox page<br>]]>
            </line>
            <line>
              <![CDATA[INFO  com.epam.vyacheslav_utenkov.java.lesson7.utils.EventListener(1)=62: EventListener - onTestSuccess<br>]]>
            </line>
            <line>
              <![CDATA[INFO  com.epam.vyacheslav_utenkov.java.lesson7.utils.ScreenShot(1)=25: <a href='screenshots/screenshot7839150173235148088.png'>Success screen shot</a><br>]]>
            </line>
          </reporter-output>
        </test-method> <!-- sendMessagesTest -->
        <test-method status="PASS" signature="sendMessagesTest(java.lang.String)[pri:0, instance:com.epam.vyacheslav_utenkov.java.lesson7.advanced.YandexMailTest@6714695f]" name="sendMessagesTest" duration-ms="4058" started-at="2016-09-29T09:58:16Z" data-provider="getMessageData" depends-on-methods="com.epam.vyacheslav_utenkov.java.lesson7.advanced.YandexMailTest.loginTest" finished-at="2016-09-29T09:58:20Z">
          <params>
            <param index="0">
              <value>
                <![CDATA[horns.and@mail.ru:Just Test for Message2:This message do not have much sense!]]>
              </value>
            </param>
          </params>
          <reporter-output>
            <line>
              <![CDATA[INFO  com.epam.vyacheslav_utenkov.java.lesson7.advanced.YandexMailTest(1)=102: sendMessagesTest started<br>]]>
            </line>
            <line>
              <![CDATA[INFO  com.epam.vyacheslav_utenkov.java.lesson7.advanced.YandexMailTest(1)=105: main page is chanched to message page<br>]]>
            </line>
            <line>
              <![CDATA[INFO  com.epam.vyacheslav_utenkov.java.lesson7.advanced.YandexMailTest(1)=111: set addressee<br>]]>
            </line>
            <line>
              <![CDATA[INFO  com.epam.vyacheslav_utenkov.java.lesson7.advanced.YandexMailTest(1)=113: set subject<br>]]>
            </line>
            <line>
              <![CDATA[INFO  com.epam.vyacheslav_utenkov.java.lesson7.advanced.YandexMailTest(1)=115: set message<br>]]>
            </line>
            <line>
              <![CDATA[INFO  com.epam.vyacheslav_utenkov.java.lesson7.utils.ScreenShot(1)=25: <a href='screenshots/screenshot1585914387745258244.png'>See screenshot</a><br>]]>
            </line>
            <line>
              <![CDATA[INFO  com.epam.vyacheslav_utenkov.java.lesson7.advanced.YandexMailTest(1)=119: message page  is chanched to sentbox page<br>]]>
            </line>
            <line>
              <![CDATA[INFO  com.epam.vyacheslav_utenkov.java.lesson7.utils.EventListener(1)=62: EventListener - onTestSuccess<br>]]>
            </line>
            <line>
              <![CDATA[INFO  com.epam.vyacheslav_utenkov.java.lesson7.utils.ScreenShot(1)=25: <a href='screenshots/screenshot7111295730663373503.png'>Success screen shot</a><br>]]>
            </line>
          </reporter-output>
        </test-method> <!-- sendMessagesTest -->
        <test-method status="PASS" signature="sendMessagesTest(java.lang.String)[pri:0, instance:com.epam.vyacheslav_utenkov.java.lesson7.advanced.YandexMailTest@6714695f]" name="sendMessagesTest" duration-ms="4760" started-at="2016-09-29T09:58:20Z" data-provider="getMessageData" depends-on-methods="com.epam.vyacheslav_utenkov.java.lesson7.advanced.YandexMailTest.loginTest" finished-at="2016-09-29T09:58:25Z">
          <params>
            <param index="0">
              <value>
                <![CDATA[horns@mail.ru:Just Test Message3:I am tired to think about message text!]]>
              </value>
            </param>
          </params>
          <reporter-output>
            <line>
              <![CDATA[INFO  com.epam.vyacheslav_utenkov.java.lesson7.advanced.YandexMailTest(1)=102: sendMessagesTest started<br>]]>
            </line>
            <line>
              <![CDATA[INFO  com.epam.vyacheslav_utenkov.java.lesson7.advanced.YandexMailTest(1)=105: main page is chanched to message page<br>]]>
            </line>
            <line>
              <![CDATA[INFO  com.epam.vyacheslav_utenkov.java.lesson7.advanced.YandexMailTest(1)=111: set addressee<br>]]>
            </line>
            <line>
              <![CDATA[INFO  com.epam.vyacheslav_utenkov.java.lesson7.advanced.YandexMailTest(1)=113: set subject<br>]]>
            </line>
            <line>
              <![CDATA[INFO  com.epam.vyacheslav_utenkov.java.lesson7.advanced.YandexMailTest(1)=115: set message<br>]]>
            </line>
            <line>
              <![CDATA[INFO  com.epam.vyacheslav_utenkov.java.lesson7.utils.ScreenShot(1)=25: <a href='screenshots/screenshot5944303138236668506.png'>See screenshot</a><br>]]>
            </line>
            <line>
              <![CDATA[INFO  com.epam.vyacheslav_utenkov.java.lesson7.advanced.YandexMailTest(1)=119: message page  is chanched to sentbox page<br>]]>
            </line>
            <line>
              <![CDATA[INFO  com.epam.vyacheslav_utenkov.java.lesson7.utils.EventListener(1)=62: EventListener - onTestSuccess<br>]]>
            </line>
            <line>
              <![CDATA[INFO  com.epam.vyacheslav_utenkov.java.lesson7.utils.ScreenShot(1)=25: <a href='screenshots/screenshot869131573059759878.png'>Success screen shot</a><br>]]>
            </line>
          </reporter-output>
        </test-method> <!-- sendMessagesTest -->
        <test-method status="PASS" signature="deleteMessage(java.lang.String)[pri:0, instance:com.epam.vyacheslav_utenkov.java.lesson7.advanced.YandexMailTest@6714695f]" name="deleteMessage" duration-ms="2396" started-at="2016-09-29T09:58:25Z" data-provider="getMessageData" depends-on-methods="com.epam.vyacheslav_utenkov.java.lesson7.advanced.YandexMailTest.sendMessagesTest" finished-at="2016-09-29T09:58:28Z">
          <params>
            <param index="0">
              <value>
                <![CDATA[horns.and.hoovers@mail.ru:Just Test Message:Hello world!]]>
              </value>
            </param>
          </params>
          <reporter-output>
            <line>
              <![CDATA[INFO  com.epam.vyacheslav_utenkov.java.lesson7.advanced.YandexMailTest(1)=125: Start check label<br>]]>
            </line>
            <line>
              <![CDATA[INFO  com.epam.vyacheslav_utenkov.java.lesson7.utils.EventListener(1)=62: EventListener - onTestSuccess<br>]]>
            </line>
            <line>
              <![CDATA[INFO  com.epam.vyacheslav_utenkov.java.lesson7.utils.ScreenShot(1)=25: <a href='screenshots/screenshot8933170941783278086.png'>Success screen shot</a><br>]]>
            </line>
          </reporter-output>
        </test-method> <!-- deleteMessage -->
        <test-method status="PASS" signature="deleteMessage(java.lang.String)[pri:0, instance:com.epam.vyacheslav_utenkov.java.lesson7.advanced.YandexMailTest@6714695f]" name="deleteMessage" duration-ms="3536" started-at="2016-09-29T09:58:28Z" data-provider="getMessageData" depends-on-methods="com.epam.vyacheslav_utenkov.java.lesson7.advanced.YandexMailTest.sendMessagesTest" finished-at="2016-09-29T09:58:32Z">
          <params>
            <param index="0">
              <value>
                <![CDATA[horns.and@mail.ru:Just Test for Message2:This message do not have much sense!]]>
              </value>
            </param>
          </params>
          <reporter-output>
            <line>
              <![CDATA[INFO  com.epam.vyacheslav_utenkov.java.lesson7.advanced.YandexMailTest(1)=125: Start check label<br>]]>
            </line>
            <line>
              <![CDATA[INFO  com.epam.vyacheslav_utenkov.java.lesson7.utils.EventListener(1)=62: EventListener - onTestSuccess<br>]]>
            </line>
            <line>
              <![CDATA[INFO  com.epam.vyacheslav_utenkov.java.lesson7.utils.ScreenShot(1)=25: <a href='screenshots/screenshot7039602939985796110.png'>Success screen shot</a><br>]]>
            </line>
          </reporter-output>
        </test-method> <!-- deleteMessage -->
        <test-method status="PASS" signature="deleteMessage(java.lang.String)[pri:0, instance:com.epam.vyacheslav_utenkov.java.lesson7.advanced.YandexMailTest@6714695f]" name="deleteMessage" duration-ms="3577" started-at="2016-09-29T09:58:32Z" data-provider="getMessageData" depends-on-methods="com.epam.vyacheslav_utenkov.java.lesson7.advanced.YandexMailTest.sendMessagesTest" finished-at="2016-09-29T09:58:35Z">
          <params>
            <param index="0">
              <value>
                <![CDATA[horns@mail.ru:Just Test Message3:I am tired to think about message text!]]>
              </value>
            </param>
          </params>
          <reporter-output>
            <line>
              <![CDATA[INFO  com.epam.vyacheslav_utenkov.java.lesson7.advanced.YandexMailTest(1)=125: Start check label<br>]]>
            </line>
            <line>
              <![CDATA[INFO  com.epam.vyacheslav_utenkov.java.lesson7.utils.EventListener(1)=62: EventListener - onTestSuccess<br>]]>
            </line>
            <line>
              <![CDATA[INFO  com.epam.vyacheslav_utenkov.java.lesson7.utils.ScreenShot(1)=25: <a href='screenshots/screenshot6515952291624742379.png'>Success screen shot</a><br>]]>
            </line>
          </reporter-output>
        </test-method> <!-- deleteMessage -->
        <test-method status="PASS" signature="closeBrowser()[pri:0, instance:com.epam.vyacheslav_utenkov.java.lesson7.advanced.YandexMailTest@6714695f]" name="closeBrowser" is-config="true" duration-ms="4654" started-at="2016-09-29T09:58:36Z" finished-at="2016-09-29T09:58:40Z">
          <reporter-output>
            <line>
              <![CDATA[INFO  com.epam.vyacheslav_utenkov.java.lesson7.utils.ScreenShot(1)=25: <a href='screenshots/screenshot9040825740541959758.png'>See screenshot</a><br>]]>
            </line>
            <line>
              <![CDATA[INFO  com.epam.vyacheslav_utenkov.java.lesson7.advanced.YandexMailTest(1)=137: Browser was closed<br>]]>
            </line>
            <line>
              <![CDATA[INFO  com.epam.vyacheslav_utenkov.java.lesson7.advanced.YandexMailTest(1)=138: Test was end <br>]]>
            </line>
          </reporter-output>
        </test-method> <!-- closeBrowser -->
      </class> <!-- com.epam.vyacheslav_utenkov.java.lesson7.advanced.YandexMailTest -->
    </test> <!-- Default test -->
  </suite> <!-- Default suite -->
</testng-results>
