<?xml version="1.0" encoding="UTF-8"?>
<testng-results skipped="0" failed="0" total="7" passed="7">
  <reporter-output>
    <line>
      <![CDATA[INFO  com.epam.vyacheslav_utenkov.java.lesson7.utils.EventListener(1)=37: EventListener - onStart<br>]]>
    </line>
    <line>
      <![CDATA[INFO  com.epam.vyacheslav_utenkov.java.lesson7.advanced.YandexMailTest(1)=48: Testing started<br>]]>
    </line>
    <line>
      <![CDATA[INFO  com.epam.vyacheslav_utenkov.java.lesson7.advanced.YandexMailTest(1)=50: Browser was started<br>]]>
    </line>
    <line>
      <![CDATA[INFO  com.epam.vyacheslav_utenkov.java.lesson7.advanced.YandexMailTest(1)=60: Take data from file 'data.properties'<br>]]>
    </line>
    <line>
      <![CDATA[INFO  com.epam.vyacheslav_utenkov.java.lesson7.utils.EventListener(1)=57: EventListener - onTestStart<br>]]>
    </line>
    <line>
      <![CDATA[INFO  com.epam.vyacheslav_utenkov.java.lesson7.utils.ScreenShot(1)=25: <a href='screenshots/screenshot3836619346750193458.png'>Avto screen shot</a><br>]]>
    </line>
    <line>
      <![CDATA[INFO  com.epam.vyacheslav_utenkov.java.lesson7.advanced.YandexMailTest(1)=79: Start login<br>]]>
    </line>
    <line>
      <![CDATA[INFO  com.epam.vyacheslav_utenkov.java.lesson7.advanced.YandexMailTest(1)=83: Set URL from getMailURL<br>]]>
    </line>
    <line>
      <![CDATA[INFO  com.epam.vyacheslav_utenkov.java.lesson7.advanced.YandexMailTest(1)=92: account was initialized<br>]]>
    </line>
    <line>
      <![CDATA[INFO  com.epam.vyacheslav_utenkov.java.lesson7.advanced.YandexMailTest(1)=95: return login page<br>]]>
    </line>
    <line>
      <![CDATA[INFO  com.epam.vyacheslav_utenkov.java.lesson7.utils.EventListener(1)=62: EventListener - onTestSuccess<br>]]>
    </line>
    <line>
      <![CDATA[INFO  com.epam.vyacheslav_utenkov.java.lesson7.utils.ScreenShot(1)=25: <a href='screenshots/screenshot8834321160198352922.png'>Success screen shot</a><br>]]>
    </line>
    <line>
      <![CDATA[INFO  com.epam.vyacheslav_utenkov.java.lesson7.advanced.YandexMailTest(1)=54: Take data from file 'data.properties'<br>]]>
    </line>
    <line>
      <![CDATA[INFO  com.epam.vyacheslav_utenkov.java.lesson7.advanced.YandexMailTest(1)=54: Take data from file 'data.properties'<br>]]>
    </line>
    <line>
      <![CDATA[INFO  com.epam.vyacheslav_utenkov.java.lesson7.advanced.YandexMailTest(1)=54: Take data from file 'data.properties'<br>]]>
    </line>
    <line>
      <![CDATA[INFO  com.epam.vyacheslav_utenkov.java.lesson7.utils.EventListener(1)=57: EventListener - onTestStart<br>]]>
    </line>
    <line>
      <![CDATA[INFO  com.epam.vyacheslav_utenkov.java.lesson7.utils.ScreenShot(1)=25: <a href='screenshots/screenshot4417878763290335682.png'>Avto screen shot</a><br>]]>
    </line>
    <line>
      <![CDATA[INFO  com.epam.vyacheslav_utenkov.java.lesson7.advanced.YandexMailTest(1)=102: sendMessagesTest started<br>]]>
    </line>
    <line>
      <![CDATA[INFO  com.epam.vyacheslav_utenkov.java.lesson7.advanced.YandexMailTest(1)=105: main page is chanched to message page<br>]]>
    </line>
    <line>
      <![CDATA[INFO  com.epam.vyacheslav_utenkov.java.lesson7.advanced.YandexMailTest(1)=111: set addressee<br>]]>
    </line>
    <line>
      <![CDATA[INFO  com.epam.vyacheslav_utenkov.java.lesson7.advanced.YandexMailTest(1)=113: set subject<br>]]>
    </line>
    <line>
      <![CDATA[INFO  com.epam.vyacheslav_utenkov.java.lesson7.advanced.YandexMailTest(1)=115: set message<br>]]>
    </line>
    <line>
      <![CDATA[INFO  com.epam.vyacheslav_utenkov.java.lesson7.utils.ScreenShot(1)=25: <a href='screenshots/screenshot3096305679232699633.png'>See screenshot</a><br>]]>
    </line>
    <line>
      <![CDATA[INFO  com.epam.vyacheslav_utenkov.java.lesson7.advanced.YandexMailTest(1)=119: message page  is chanched to sentbox page<br>]]>
    </line>
    <line>
      <![CDATA[INFO  com.epam.vyacheslav_utenkov.java.lesson7.utils.EventListener(1)=62: EventListener - onTestSuccess<br>]]>
    </line>
    <line>
      <![CDATA[INFO  com.epam.vyacheslav_utenkov.java.lesson7.utils.ScreenShot(1)=25: <a href='screenshots/screenshot4802465166116492959.png'>Success screen shot</a><br>]]>
    </line>
    <line>
      <![CDATA[INFO  com.epam.vyacheslav_utenkov.java.lesson7.utils.EventListener(1)=57: EventListener - onTestStart<br>]]>
    </line>
    <line>
      <![CDATA[INFO  com.epam.vyacheslav_utenkov.java.lesson7.utils.ScreenShot(1)=25: <a href='screenshots/screenshot5117322133072228103.png'>Avto screen shot</a><br>]]>
    </line>
    <line>
      <![CDATA[INFO  com.epam.vyacheslav_utenkov.java.lesson7.advanced.YandexMailTest(1)=102: sendMessagesTest started<br>]]>
    </line>
    <line>
      <![CDATA[INFO  com.epam.vyacheslav_utenkov.java.lesson7.advanced.YandexMailTest(1)=105: main page is chanched to message page<br>]]>
    </line>
    <line>
      <![CDATA[INFO  com.epam.vyacheslav_utenkov.java.lesson7.advanced.YandexMailTest(1)=111: set addressee<br>]]>
    </line>
    <line>
      <![CDATA[INFO  com.epam.vyacheslav_utenkov.java.lesson7.advanced.YandexMailTest(1)=113: set subject<br>]]>
    </line>
    <line>
      <![CDATA[INFO  com.epam.vyacheslav_utenkov.java.lesson7.advanced.YandexMailTest(1)=115: set message<br>]]>
    </line>
    <line>
      <![CDATA[INFO  com.epam.vyacheslav_utenkov.java.lesson7.utils.ScreenShot(1)=25: <a href='screenshots/screenshot73008113054161967.png'>See screenshot</a><br>]]>
    </line>
    <line>
      <![CDATA[INFO  com.epam.vyacheslav_utenkov.java.lesson7.advanced.YandexMailTest(1)=119: message page  is chanched to sentbox page<br>]]>
    </line>
    <line>
      <![CDATA[INFO  com.epam.vyacheslav_utenkov.java.lesson7.utils.EventListener(1)=62: EventListener - onTestSuccess<br>]]>
    </line>
    <line>
      <![CDATA[INFO  com.epam.vyacheslav_utenkov.java.lesson7.utils.ScreenShot(1)=25: <a href='screenshots/screenshot7881451427440995076.png'>Success screen shot</a><br>]]>
    </line>
    <line>
      <![CDATA[INFO  com.epam.vyacheslav_utenkov.java.lesson7.utils.EventListener(1)=57: EventListener - onTestStart<br>]]>
    </line>
    <line>
      <![CDATA[INFO  com.epam.vyacheslav_utenkov.java.lesson7.utils.ScreenShot(1)=25: <a href='screenshots/screenshot3868898555760646480.png'>Avto screen shot</a><br>]]>
    </line>
    <line>
      <![CDATA[INFO  com.epam.vyacheslav_utenkov.java.lesson7.advanced.YandexMailTest(1)=102: sendMessagesTest started<br>]]>
    </line>
    <line>
      <![CDATA[INFO  com.epam.vyacheslav_utenkov.java.lesson7.advanced.YandexMailTest(1)=105: main page is chanched to message page<br>]]>
    </line>
    <line>
      <![CDATA[INFO  com.epam.vyacheslav_utenkov.java.lesson7.advanced.YandexMailTest(1)=111: set addressee<br>]]>
    </line>
    <line>
      <![CDATA[INFO  com.epam.vyacheslav_utenkov.java.lesson7.advanced.YandexMailTest(1)=113: set subject<br>]]>
    </line>
    <line>
      <![CDATA[INFO  com.epam.vyacheslav_utenkov.java.lesson7.advanced.YandexMailTest(1)=115: set message<br>]]>
    </line>
    <line>
      <![CDATA[INFO  com.epam.vyacheslav_utenkov.java.lesson7.utils.ScreenShot(1)=25: <a href='screenshots/screenshot454165029651975598.png'>See screenshot</a><br>]]>
    </line>
    <line>
      <![CDATA[INFO  com.epam.vyacheslav_utenkov.java.lesson7.advanced.YandexMailTest(1)=119: message page  is chanched to sentbox page<br>]]>
    </line>
    <line>
      <![CDATA[INFO  com.epam.vyacheslav_utenkov.java.lesson7.utils.EventListener(1)=62: EventListener - onTestSuccess<br>]]>
    </line>
    <line>
      <![CDATA[INFO  com.epam.vyacheslav_utenkov.java.lesson7.utils.ScreenShot(1)=25: <a href='screenshots/screenshot1403907194177367199.png'>Success screen shot</a><br>]]>
    </line>
    <line>
      <![CDATA[INFO  com.epam.vyacheslav_utenkov.java.lesson7.advanced.YandexMailTest(1)=54: Take data from file 'data.properties'<br>]]>
    </line>
    <line>
      <![CDATA[INFO  com.epam.vyacheslav_utenkov.java.lesson7.advanced.YandexMailTest(1)=54: Take data from file 'data.properties'<br>]]>
    </line>
    <line>
      <![CDATA[INFO  com.epam.vyacheslav_utenkov.java.lesson7.advanced.YandexMailTest(1)=54: Take data from file 'data.properties'<br>]]>
    </line>
    <line>
      <![CDATA[INFO  com.epam.vyacheslav_utenkov.java.lesson7.utils.EventListener(1)=57: EventListener - onTestStart<br>]]>
    </line>
    <line>
      <![CDATA[INFO  com.epam.vyacheslav_utenkov.java.lesson7.utils.ScreenShot(1)=25: <a href='screenshots/screenshot7018318921437318604.png'>Avto screen shot</a><br>]]>
    </line>
    <line>
      <![CDATA[INFO  com.epam.vyacheslav_utenkov.java.lesson7.advanced.YandexMailTest(1)=125: Start check label<br>]]>
    </line>
    <line>
      <![CDATA[INFO  com.epam.vyacheslav_utenkov.java.lesson7.utils.EventListener(1)=62: EventListener - onTestSuccess<br>]]>
    </line>
    <line>
      <![CDATA[INFO  com.epam.vyacheslav_utenkov.java.lesson7.utils.ScreenShot(1)=25: <a href='screenshots/screenshot7105498622165339307.png'>Success screen shot</a><br>]]>
    </line>
    <line>
      <![CDATA[INFO  com.epam.vyacheslav_utenkov.java.lesson7.utils.EventListener(1)=57: EventListener - onTestStart<br>]]>
    </line>
    <line>
      <![CDATA[INFO  com.epam.vyacheslav_utenkov.java.lesson7.utils.ScreenShot(1)=25: <a href='screenshots/screenshot3876246216532841290.png'>Avto screen shot</a><br>]]>
    </line>
    <line>
      <![CDATA[INFO  com.epam.vyacheslav_utenkov.java.lesson7.advanced.YandexMailTest(1)=125: Start check label<br>]]>
    </line>
    <line>
      <![CDATA[INFO  com.epam.vyacheslav_utenkov.java.lesson7.utils.EventListener(1)=62: EventListener - onTestSuccess<br>]]>
    </line>
    <line>
      <![CDATA[INFO  com.epam.vyacheslav_utenkov.java.lesson7.utils.ScreenShot(1)=25: <a href='screenshots/screenshot8435437188109830117.png'>Success screen shot</a><br>]]>
    </line>
    <line>
      <![CDATA[INFO  com.epam.vyacheslav_utenkov.java.lesson7.utils.EventListener(1)=57: EventListener - onTestStart<br>]]>
    </line>
    <line>
      <![CDATA[INFO  com.epam.vyacheslav_utenkov.java.lesson7.utils.ScreenShot(1)=25: <a href='screenshots/screenshot7789630229909193308.png'>Avto screen shot</a><br>]]>
    </line>
    <line>
      <![CDATA[INFO  com.epam.vyacheslav_utenkov.java.lesson7.advanced.YandexMailTest(1)=125: Start check label<br>]]>
    </line>
    <line>
      <![CDATA[INFO  com.epam.vyacheslav_utenkov.java.lesson7.utils.EventListener(1)=62: EventListener - onTestSuccess<br>]]>
    </line>
    <line>
      <![CDATA[INFO  com.epam.vyacheslav_utenkov.java.lesson7.utils.ScreenShot(1)=25: <a href='screenshots/screenshot3206813590406645924.png'>Success screen shot</a><br>]]>
    </line>
    <line>
      <![CDATA[INFO  com.epam.vyacheslav_utenkov.java.lesson7.utils.ScreenShot(1)=25: <a href='screenshots/screenshot6873254004279413566.png'>See screenshot</a><br>]]>
    </line>
    <line>
      <![CDATA[INFO  com.epam.vyacheslav_utenkov.java.lesson7.advanced.YandexMailTest(1)=137: Browser was closed<br>]]>
    </line>
    <line>
      <![CDATA[INFO  com.epam.vyacheslav_utenkov.java.lesson7.advanced.YandexMailTest(1)=138: Test was end <br>]]>
    </line>
  </reporter-output>
  <suite name="Default suite" duration-ms="38087" started-at="2016-09-29T08:36:27Z" finished-at="2016-09-29T08:37:06Z">
    <groups>
    </groups>
    <test name="Default test" duration-ms="38087" started-at="2016-09-29T08:36:27Z" finished-at="2016-09-29T08:37:06Z">
      <class name="com.epam.vyacheslav_utenkov.java.lesson7.advanced.YandexMailTest">
        <test-method status="PASS" signature="startBrowser()[pri:0, instance:com.epam.vyacheslav_utenkov.java.lesson7.advanced.YandexMailTest@5b37ae40]" name="startBrowser" is-config="true" duration-ms="21" started-at="2016-09-29T11:36:28Z" finished-at="2016-09-29T11:36:28Z">
          <reporter-output>
            <line>
              <![CDATA[INFO  com.epam.vyacheslav_utenkov.java.lesson7.advanced.YandexMailTest(1)=48: Testing started<br>]]>
            </line>
            <line>
              <![CDATA[INFO  com.epam.vyacheslav_utenkov.java.lesson7.advanced.YandexMailTest(1)=50: Browser was started<br>]]>
            </line>
          </reporter-output>
        </test-method> <!-- startBrowser -->
        <test-method status="PASS" signature="loginTest(java.lang.String)[pri:0, instance:com.epam.vyacheslav_utenkov.java.lesson7.advanced.YandexMailTest@5b37ae40]" name="loginTest" duration-ms="5463" started-at="2016-09-29T11:36:28Z" data-provider="getLoginData" finished-at="2016-09-29T11:36:33Z">
          <params>
            <param index="0">
              <value>
                <![CDATA[vyacheslav.utenkov1990@yandex.ru:123456789spll]]>
              </value>
            </param>
          </params>
          <reporter-output>
            <line>
              <![CDATA[INFO  com.epam.vyacheslav_utenkov.java.lesson7.advanced.YandexMailTest(1)=79: Start login<br>]]>
            </line>
            <line>
              <![CDATA[INFO  com.epam.vyacheslav_utenkov.java.lesson7.advanced.YandexMailTest(1)=83: Set URL from getMailURL<br>]]>
            </line>
            <line>
              <![CDATA[INFO  com.epam.vyacheslav_utenkov.java.lesson7.advanced.YandexMailTest(1)=92: account was initialized<br>]]>
            </line>
            <line>
              <![CDATA[INFO  com.epam.vyacheslav_utenkov.java.lesson7.advanced.YandexMailTest(1)=95: return login page<br>]]>
            </line>
            <line>
              <![CDATA[INFO  com.epam.vyacheslav_utenkov.java.lesson7.utils.EventListener(1)=62: EventListener - onTestSuccess<br>]]>
            </line>
            <line>
              <![CDATA[INFO  com.epam.vyacheslav_utenkov.java.lesson7.utils.ScreenShot(1)=25: <a href='screenshots/screenshot8834321160198352922.png'>Success screen shot</a><br>]]>
            </line>
          </reporter-output>
        </test-method> <!-- loginTest -->
        <test-method status="PASS" signature="sendMessagesTest(java.lang.String)[pri:0, instance:com.epam.vyacheslav_utenkov.java.lesson7.advanced.YandexMailTest@5b37ae40]" name="sendMessagesTest" duration-ms="6229" started-at="2016-09-29T11:36:33Z" data-provider="getMessageData" depends-on-methods="com.epam.vyacheslav_utenkov.java.lesson7.advanced.YandexMailTest.loginTest" finished-at="2016-09-29T11:36:39Z">
          <params>
            <param index="0">
              <value>
                <![CDATA[horns.and.hoovers@mail.ru:Just Test Message:Hello world!]]>
              </value>
            </param>
          </params>
          <reporter-output>
            <line>
              <![CDATA[INFO  com.epam.vyacheslav_utenkov.java.lesson7.advanced.YandexMailTest(1)=102: sendMessagesTest started<br>]]>
            </line>
            <line>
              <![CDATA[INFO  com.epam.vyacheslav_utenkov.java.lesson7.advanced.YandexMailTest(1)=105: main page is chanched to message page<br>]]>
            </line>
            <line>
              <![CDATA[INFO  com.epam.vyacheslav_utenkov.java.lesson7.advanced.YandexMailTest(1)=111: set addressee<br>]]>
            </line>
            <line>
              <![CDATA[INFO  com.epam.vyacheslav_utenkov.java.lesson7.advanced.YandexMailTest(1)=113: set subject<br>]]>
            </line>
            <line>
              <![CDATA[INFO  com.epam.vyacheslav_utenkov.java.lesson7.advanced.YandexMailTest(1)=115: set message<br>]]>
            </line>
            <line>
              <![CDATA[INFO  com.epam.vyacheslav_utenkov.java.lesson7.utils.ScreenShot(1)=25: <a href='screenshots/screenshot3096305679232699633.png'>See screenshot</a><br>]]>
            </line>
            <line>
              <![CDATA[INFO  com.epam.vyacheslav_utenkov.java.lesson7.advanced.YandexMailTest(1)=119: message page  is chanched to sentbox page<br>]]>
            </line>
            <line>
              <![CDATA[INFO  com.epam.vyacheslav_utenkov.java.lesson7.utils.EventListener(1)=62: EventListener - onTestSuccess<br>]]>
            </line>
            <line>
              <![CDATA[INFO  com.epam.vyacheslav_utenkov.java.lesson7.utils.ScreenShot(1)=25: <a href='screenshots/screenshot4802465166116492959.png'>Success screen shot</a><br>]]>
            </line>
          </reporter-output>
        </test-method> <!-- sendMessagesTest -->
        <test-method status="PASS" signature="sendMessagesTest(java.lang.String)[pri:0, instance:com.epam.vyacheslav_utenkov.java.lesson7.advanced.YandexMailTest@5b37ae40]" name="sendMessagesTest" duration-ms="3538" started-at="2016-09-29T11:36:40Z" data-provider="getMessageData" depends-on-methods="com.epam.vyacheslav_utenkov.java.lesson7.advanced.YandexMailTest.loginTest" finished-at="2016-09-29T11:36:43Z">
          <params>
            <param index="0">
              <value>
                <![CDATA[horns.and@mail.ru:Just Test for Message2:This message do not have much sense!]]>
              </value>
            </param>
          </params>
          <reporter-output>
            <line>
              <![CDATA[INFO  com.epam.vyacheslav_utenkov.java.lesson7.advanced.YandexMailTest(1)=102: sendMessagesTest started<br>]]>
            </line>
            <line>
              <![CDATA[INFO  com.epam.vyacheslav_utenkov.java.lesson7.advanced.YandexMailTest(1)=105: main page is chanched to message page<br>]]>
            </line>
            <line>
              <![CDATA[INFO  com.epam.vyacheslav_utenkov.java.lesson7.advanced.YandexMailTest(1)=111: set addressee<br>]]>
            </line>
            <line>
              <![CDATA[INFO  com.epam.vyacheslav_utenkov.java.lesson7.advanced.YandexMailTest(1)=113: set subject<br>]]>
            </line>
            <line>
              <![CDATA[INFO  com.epam.vyacheslav_utenkov.java.lesson7.advanced.YandexMailTest(1)=115: set message<br>]]>
            </line>
            <line>
              <![CDATA[INFO  com.epam.vyacheslav_utenkov.java.lesson7.utils.ScreenShot(1)=25: <a href='screenshots/screenshot73008113054161967.png'>See screenshot</a><br>]]>
            </line>
            <line>
              <![CDATA[INFO  com.epam.vyacheslav_utenkov.java.lesson7.advanced.YandexMailTest(1)=119: message page  is chanched to sentbox page<br>]]>
            </line>
            <line>
              <![CDATA[INFO  com.epam.vyacheslav_utenkov.java.lesson7.utils.EventListener(1)=62: EventListener - onTestSuccess<br>]]>
            </line>
            <line>
              <![CDATA[INFO  com.epam.vyacheslav_utenkov.java.lesson7.utils.ScreenShot(1)=25: <a href='screenshots/screenshot7881451427440995076.png'>Success screen shot</a><br>]]>
            </line>
          </reporter-output>
        </test-method> <!-- sendMessagesTest -->
        <test-method status="PASS" signature="sendMessagesTest(java.lang.String)[pri:0, instance:com.epam.vyacheslav_utenkov.java.lesson7.advanced.YandexMailTest@5b37ae40]" name="sendMessagesTest" duration-ms="4547" started-at="2016-09-29T11:36:44Z" data-provider="getMessageData" depends-on-methods="com.epam.vyacheslav_utenkov.java.lesson7.advanced.YandexMailTest.loginTest" finished-at="2016-09-29T11:36:48Z">
          <params>
            <param index="0">
              <value>
                <![CDATA[horns@mail.ru:Just Test Message3:I am tired to think about message text!]]>
              </value>
            </param>
          </params>
          <reporter-output>
            <line>
              <![CDATA[INFO  com.epam.vyacheslav_utenkov.java.lesson7.advanced.YandexMailTest(1)=102: sendMessagesTest started<br>]]>
            </line>
            <line>
              <![CDATA[INFO  com.epam.vyacheslav_utenkov.java.lesson7.advanced.YandexMailTest(1)=105: main page is chanched to message page<br>]]>
            </line>
            <line>
              <![CDATA[INFO  com.epam.vyacheslav_utenkov.java.lesson7.advanced.YandexMailTest(1)=111: set addressee<br>]]>
            </line>
            <line>
              <![CDATA[INFO  com.epam.vyacheslav_utenkov.java.lesson7.advanced.YandexMailTest(1)=113: set subject<br>]]>
            </line>
            <line>
              <![CDATA[INFO  com.epam.vyacheslav_utenkov.java.lesson7.advanced.YandexMailTest(1)=115: set message<br>]]>
            </line>
            <line>
              <![CDATA[INFO  com.epam.vyacheslav_utenkov.java.lesson7.utils.ScreenShot(1)=25: <a href='screenshots/screenshot454165029651975598.png'>See screenshot</a><br>]]>
            </line>
            <line>
              <![CDATA[INFO  com.epam.vyacheslav_utenkov.java.lesson7.advanced.YandexMailTest(1)=119: message page  is chanched to sentbox page<br>]]>
            </line>
            <line>
              <![CDATA[INFO  com.epam.vyacheslav_utenkov.java.lesson7.utils.EventListener(1)=62: EventListener - onTestSuccess<br>]]>
            </line>
            <line>
              <![CDATA[INFO  com.epam.vyacheslav_utenkov.java.lesson7.utils.ScreenShot(1)=25: <a href='screenshots/screenshot1403907194177367199.png'>Success screen shot</a><br>]]>
            </line>
          </reporter-output>
        </test-method> <!-- sendMessagesTest -->
        <test-method status="PASS" signature="deleteMessage(java.lang.String)[pri:0, instance:com.epam.vyacheslav_utenkov.java.lesson7.advanced.YandexMailTest@5b37ae40]" name="deleteMessage" duration-ms="4134" started-at="2016-09-29T11:36:48Z" data-provider="getMessageData" depends-on-methods="com.epam.vyacheslav_utenkov.java.lesson7.advanced.YandexMailTest.sendMessagesTest" finished-at="2016-09-29T11:36:53Z">
          <params>
            <param index="0">
              <value>
                <![CDATA[horns.and.hoovers@mail.ru:Just Test Message:Hello world!]]>
              </value>
            </param>
          </params>
          <reporter-output>
            <line>
              <![CDATA[INFO  com.epam.vyacheslav_utenkov.java.lesson7.advanced.YandexMailTest(1)=125: Start check label<br>]]>
            </line>
            <line>
              <![CDATA[INFO  com.epam.vyacheslav_utenkov.java.lesson7.utils.EventListener(1)=62: EventListener - onTestSuccess<br>]]>
            </line>
            <line>
              <![CDATA[INFO  com.epam.vyacheslav_utenkov.java.lesson7.utils.ScreenShot(1)=25: <a href='screenshots/screenshot7105498622165339307.png'>Success screen shot</a><br>]]>
            </line>
          </reporter-output>
        </test-method> <!-- deleteMessage -->
        <test-method status="PASS" signature="deleteMessage(java.lang.String)[pri:0, instance:com.epam.vyacheslav_utenkov.java.lesson7.advanced.YandexMailTest@5b37ae40]" name="deleteMessage" duration-ms="3453" started-at="2016-09-29T11:36:53Z" data-provider="getMessageData" depends-on-methods="com.epam.vyacheslav_utenkov.java.lesson7.advanced.YandexMailTest.sendMessagesTest" finished-at="2016-09-29T11:36:56Z">
          <params>
            <param index="0">
              <value>
                <![CDATA[horns.and@mail.ru:Just Test for Message2:This message do not have much sense!]]>
              </value>
            </param>
          </params>
          <reporter-output>
            <line>
              <![CDATA[INFO  com.epam.vyacheslav_utenkov.java.lesson7.advanced.YandexMailTest(1)=125: Start check label<br>]]>
            </line>
            <line>
              <![CDATA[INFO  com.epam.vyacheslav_utenkov.java.lesson7.utils.EventListener(1)=62: EventListener - onTestSuccess<br>]]>
            </line>
            <line>
              <![CDATA[INFO  com.epam.vyacheslav_utenkov.java.lesson7.utils.ScreenShot(1)=25: <a href='screenshots/screenshot8435437188109830117.png'>Success screen shot</a><br>]]>
            </line>
          </reporter-output>
        </test-method> <!-- deleteMessage -->
        <test-method status="PASS" signature="deleteMessage(java.lang.String)[pri:0, instance:com.epam.vyacheslav_utenkov.java.lesson7.advanced.YandexMailTest@5b37ae40]" name="deleteMessage" duration-ms="3654" started-at="2016-09-29T11:36:56Z" data-provider="getMessageData" depends-on-methods="com.epam.vyacheslav_utenkov.java.lesson7.advanced.YandexMailTest.sendMessagesTest" finished-at="2016-09-29T11:37:00Z">
          <params>
            <param index="0">
              <value>
                <![CDATA[horns@mail.ru:Just Test Message3:I am tired to think about message text!]]>
              </value>
            </param>
          </params>
          <reporter-output>
            <line>
              <![CDATA[INFO  com.epam.vyacheslav_utenkov.java.lesson7.advanced.YandexMailTest(1)=125: Start check label<br>]]>
            </line>
            <line>
              <![CDATA[INFO  com.epam.vyacheslav_utenkov.java.lesson7.utils.EventListener(1)=62: EventListener - onTestSuccess<br>]]>
            </line>
            <line>
              <![CDATA[INFO  com.epam.vyacheslav_utenkov.java.lesson7.utils.ScreenShot(1)=25: <a href='screenshots/screenshot3206813590406645924.png'>Success screen shot</a><br>]]>
            </line>
          </reporter-output>
        </test-method> <!-- deleteMessage -->
        <test-method status="PASS" signature="closeBrowser()[pri:0, instance:com.epam.vyacheslav_utenkov.java.lesson7.advanced.YandexMailTest@5b37ae40]" name="closeBrowser" is-config="true" duration-ms="5320" started-at="2016-09-29T11:37:00Z" finished-at="2016-09-29T11:37:06Z">
          <reporter-output>
            <line>
              <![CDATA[INFO  com.epam.vyacheslav_utenkov.java.lesson7.utils.ScreenShot(1)=25: <a href='screenshots/screenshot6873254004279413566.png'>See screenshot</a><br>]]>
            </line>
            <line>
              <![CDATA[INFO  com.epam.vyacheslav_utenkov.java.lesson7.advanced.YandexMailTest(1)=137: Browser was closed<br>]]>
            </line>
            <line>
              <![CDATA[INFO  com.epam.vyacheslav_utenkov.java.lesson7.advanced.YandexMailTest(1)=138: Test was end <br>]]>
            </line>
          </reporter-output>
        </test-method> <!-- closeBrowser -->
      </class> <!-- com.epam.vyacheslav_utenkov.java.lesson7.advanced.YandexMailTest -->
    </test> <!-- Default test -->
  </suite> <!-- Default suite -->
</testng-results>
